Solid Edge in STL konvertieren
Datum: Mittwoch,Mai 19,2021 05:27
Quelldatei:D:\Git\Privat\BatteryBox\SolidEdge\NeutrikAdapter.par
Ausgangssystem: SOLID EDGE

Hardware:
Prozessor: Intel(R) Core(TM) i7-8850H CPU @ 2.60GHz
Betriebssystem: Windows 10 Enterprise Edition
Installierter Speicher: 63,81 GB

Software-Informationen:
Parasolid-Version: 31.1.255
PSBodyshop-Version: 31.1.110
Solid Edge-Version: 220.00.00.104 x64

STL-Exportoptionen:
Ausgabedateiformat:ASCII
Angezeigte Teile exportieren: Aus
Strukturoption: Monolithic
Einheiten exportieren:Millimeter
Toleranzwert exportieren:0,001000
Toleranztyp exportieren:Fine
Flächenplanwinkelwert exportieren:0,523599

Konvertierungsfortschritt:
Phase 1 von 2 - Abrufen der Parasolid-Informationen...
Phase 2 von 2 - Konvertieren von Parasolid in fremde Datentypen...
Anzahl erstellter STL-Dateien : 1
Konvertierungsvorgang ist abgeschlossen
Zum Konvertieren benötigte Zeit:00 : 00 : 00
