STEP in Solid Edge konvertieren
Datum: Donnerstag,Mai 06,2021 07:29
Quelldatei: D:\Git\Privat\Projekte\3DModels\Victron_75_10\Blue-Smart-Solar-charge-controller-MPPT-75V-10A-15A-3D.STEP
Autor: Unbekannt
Organisation: Unbekannt
Ausgangssystem: SolidWorks 2020

Hardware:
Prozessor: Intel(R) Core(TM) i7-8850H CPU @ 2.60GHz
Betriebssystem: Windows 10 Enterprise Edition
Installierter Speicher: 63.81 GB

Software-Informationen
Parasolid-Version: 31.1.255
PSBodyShop-Version: 31.1.110
Step-Adapterversion: 5.0.48
Solid Edge-Version: 220.00.00.104 x64

Step-Importoptionen
Facettierte Körper importieren: Ein
Prüfkörper importieren: Aus
Kurven importieren: Ein
DoNotSave importieren: Ein
Mehrere Körper als Einzelteildatei importieren: Ein
Flächenvernähung importieren: Ein
Boolesche Körper importieren: Ein
Basisformelement erstellen: Ein
Geometrie vereinfachen: Ein
Druckkurven importieren: Ein
Führung importieren: C:
Flächenvernähung importieren: Ein
Flächen importieren: Ein
Ausgabepfad importieren: D:\Git\Privat\Projekte\3DModels\Victron_75_10
Aktivieren des standardmäßigen Ausgabepfads importieren: Ein
PMI importieren: Aus
Pfad importieren: 

Übersetzen in Parasolid-Datentypen...
+Baugruppe 1 beginnen
+SE Assembly-Datei D:\Git\Privat\Projekte\3DModels\Victron_75_10\Blue-Smart-Solar-charge-controller-MPPT-75V-10A-15A-3D.asm wurde erstellt
|--+SE Part-Datei D:\Git\Privat\Projekte\3DModels\Victron_75_10\SmartSolar charge controller MPPT 75 - 15 Heat Sink.par wurde erstellt
|--+Baugruppe 2 beginnen
|--+SE Assembly-Datei D:\Git\Privat\Projekte\3DModels\Victron_75_10\SmartSolar charge controller MPPT 75 - 15 PCB.asm wurde erstellt
|  |--+SE Part-Datei D:\Git\Privat\Projekte\3DModels\Victron_75_10\SmartSolar charge controller MPPT 75 - 15 PCB_2.par wurde erstellt
|  |--+SE Part-Datei D:\Git\Privat\Projekte\3DModels\Victron_75_10\SmartSolar charge controller MPPT 75 - 15 PCB.par wurde erstellt
|--+Gesamtzahl der Teile: 4
|--+Baugruppen: 0
|--+Volumenkörper: 4
|--+Flächenkörper: 0
|--+Baugruppe 2 beenden
|--+SE Part-Datei D:\Git\Privat\Projekte\3DModels\Victron_75_10\SmartSolar Terminal Black 6S.par wurde erstellt
|--+SE Part-Datei D:\Git\Privat\Projekte\3DModels\Victron_75_10\M2.5 x 8 Pan CHSD Screw.par wurde erstellt
|--+Datei D:\Git\Privat\Projekte\3DModels\Victron_75_10\M2.5 x 8 Pan CHSD Screw.par wird wiederholt verwendet
|--+Datei D:\Git\Privat\Projekte\3DModels\Victron_75_10\M2.5 x 8 Pan CHSD Screw.par wird wiederholt verwendet
|--+Datei D:\Git\Privat\Projekte\3DModels\Victron_75_10\M2.5 x 8 Pan CHSD Screw.par wird wiederholt verwendet
|--+Datei D:\Git\Privat\Projekte\3DModels\Victron_75_10\M2.5 x 8 Pan CHSD Screw.par wird wiederholt verwendet
|--+Datei D:\Git\Privat\Projekte\3DModels\Victron_75_10\M2.5 x 8 Pan CHSD Screw.par wird wiederholt verwendet
|--+SE Part-Datei D:\Git\Privat\Projekte\3DModels\Victron_75_10\SmartSolar MPPT 75-15_V13 cover.par wurde erstellt
|--+SE Part-Datei D:\Git\Privat\Projekte\3DModels\Victron_75_10\leds.par wurde erstellt
+Gesamtzahl der Teile: 20
+Baugruppen: 1
+Volumenkörper: 19
+Flächenkörper: 0
+Baugruppe 1 beenden
Konvertierungsvorgang ist abgeschlossen
Zur Übersetzung und Nachbearbeitung erforderte Gesamtzeit:00 : 00 : 12
